CRITICAL - 2022-11-07 17:04:19 --> Invalid file: home.php
in SYSTEMPATH/Exceptions/FrameworkException.php on line 33.
 1 SYSTEMPATH/View/View.php(201): CodeIgniter\Exceptions\FrameworkException::forInvalidFile('home.php')
 2 SYSTEMPATH/Common.php(1134): CodeIgniter\View\View->render('home', [], true)
 3 APPPATH/Controllers/Site.php(8): view('home')
 4 SYSTEMPATH/CodeIgniter.php(927): App\Controllers\Site->index()
 5 SYSTEMPATH/CodeIgniter.php(482): CodeIgniter\CodeIgniter->runController(Object(App\Controllers\Site))
 6 SYSTEMPATH/CodeIgniter.php(351): CodeIgniter\CodeIgniter->handleRequest(null, Object(Config\Cache), false)
 7 FCPATH/index.php(67): CodeIgniter\CodeIgniter->run()
CRITICAL - 2022-11-07 17:10:01 --> syntax error, unexpected token "}", expecting "," or ";"
in APPPATH/Controllers/Site.php on line 11.
 1 SYSTEMPATH/Autoloader/Autoloader.php(259): CodeIgniter\Autoloader\Autoloader->includeFile('APPPATH/Controllers/Site.php')
 2 SYSTEMPATH/Autoloader/Autoloader.php(237): CodeIgniter\Autoloader\Autoloader->loadInNamespace('App\\Controllers\\Site')
 3 [internal function]: CodeIgniter\Autoloader\Autoloader->loadClass('App\\Controllers\\Site')
 4 SYSTEMPATH/CodeIgniter.php(877): class_exists('\\App\\Controllers\\Site', true)
 5 SYSTEMPATH/CodeIgniter.php(469): CodeIgniter\CodeIgniter->startController()
 6 SYSTEMPATH/CodeIgniter.php(351): CodeIgniter\CodeIgniter->handleRequest(null, Object(Config\Cache), false)
 7 FCPATH/index.php(67): CodeIgniter\CodeIgniter->run()
CRITICAL - 2022-11-07 17:16:14 --> Invalid file: site/contacts.php
in SYSTEMPATH/Exceptions/FrameworkException.php on line 33.
 1 SYSTEMPATH/View/View.php(201): CodeIgniter\Exceptions\FrameworkException::forInvalidFile('site/contacts.php')
 2 SYSTEMPATH/Common.php(1134): CodeIgniter\View\View->render('site/contacts', [], true)
 3 APPPATH/Controllers/Site.php(27): view('site/contacts')
 4 SYSTEMPATH/CodeIgniter.php(927): App\Controllers\Site->contacts()
 5 SYSTEMPATH/CodeIgniter.php(482): CodeIgniter\CodeIgniter->runController(Object(App\Controllers\Site))
 6 SYSTEMPATH/CodeIgniter.php(351): CodeIgniter\CodeIgniter->handleRequest(null, Object(Config\Cache), false)
 7 FCPATH/index.php(67): CodeIgniter\CodeIgniter->run()
